TN:
SF:index.js
FNF:0
FNH:0
DA:1,6
DA:2,6
DA:3,6
LF:3
LH:3
BRDA:1,0,0,6
BRF:1
BRH:1
end_of_record
TN:
SF:__wds-outside-root__/1/drus-icon/index.js
FNF:0
FNH:0
DA:1,6
DA:2,6
DA:3,6
LF:3
LH:3
BRDA:1,0,0,6
BRF:1
BRH:1
end_of_record
TN:
SF:__wds-outside-root__/1/drus-icon/src/DrusIcon-styles.js
FNF:0
FNH:0
DA:1,6
DA:2,6
DA:3,6
DA:4,6
DA:5,6
DA:6,6
DA:7,6
DA:8,6
DA:9,6
DA:10,6
DA:11,6
DA:12,6
DA:13,6
DA:14,6
DA:15,6
DA:16,6
DA:17,6
DA:18,6
DA:19,6
DA:20,6
DA:21,6
DA:22,6
DA:23,6
DA:24,6
DA:25,6
LF:25
LH:25
BRDA:1,0,0,6
BRF:1
BRH:1
end_of_record
TN:
SF:__wds-outside-root__/1/drus-icon/src/DrusIcon.js
FN:6,get styles
FN:10,get properties
FN:23,DrusIcon
FN:30,get _icon
FN:34,get _iconTemplate
FN:38,render
FNF:6
FNH:6
FNDA:6,get styles
FNDA:6,get properties
FNDA:3,DrusIcon
FNDA:3,get _icon
FNDA:3,get _iconTemplate
FNDA:3,render
DA:1,6
DA:2,6
DA:3,6
DA:4,6
DA:5,6
DA:6,6
DA:7,6
DA:8,6
DA:9,6
DA:10,6
DA:11,6
DA:12,6
DA:13,6
DA:14,6
DA:15,6
DA:16,6
DA:17,6
DA:18,6
DA:19,6
DA:20,6
DA:21,6
DA:22,6
DA:23,6
DA:24,3
DA:25,3
DA:26,3
DA:27,3
DA:28,6
DA:29,6
DA:30,6
DA:31,3
DA:32,3
DA:33,6
DA:34,6
DA:35,3
DA:36,3
DA:37,6
DA:38,6
DA:39,3
DA:40,3
DA:41,6
LF:41
LH:41
BRDA:1,0,0,28
BRDA:6,1,0,6
BRDA:10,2,0,6
BRDA:23,3,0,28
BRDA:30,4,0,28
BRDA:34,5,0,28
BRDA:38,6,0,28
BRDA:39,7,0,28
BRF:8
BRH:8
end_of_record
TN:
SF:__wds-outside-root__/1/drus-icon/src/IconList.js
FNF:0
FNH:0
DA:1,6
DA:2,6
DA:3,6
DA:4,6
DA:5,6
DA:6,6
DA:7,6
DA:8,6
DA:9,6
DA:10,6
DA:11,6
DA:12,6
DA:13,6
DA:14,6
DA:15,6
DA:16,6
DA:17,6
DA:18,6
DA:19,6
DA:20,6
DA:21,6
DA:22,6
DA:23,6
DA:24,6
DA:25,6
DA:26,6
DA:27,6
DA:28,6
DA:29,6
DA:30,6
DA:31,6
DA:32,6
DA:33,6
DA:34,6
DA:35,6
DA:36,6
DA:37,6
DA:38,6
LF:38
LH:38
BRDA:1,0,0,4
BRF:1
BRH:1
end_of_record
TN:
SF:src/DrusChip-styles.js
FNF:0
FNH:0
DA:1,6
DA:2,6
DA:3,6
DA:4,6
DA:5,6
DA:6,6
DA:7,6
DA:8,6
DA:9,6
DA:10,6
DA:11,6
DA:12,6
DA:13,6
DA:14,6
DA:15,6
DA:16,6
DA:17,6
DA:18,6
DA:19,6
DA:20,6
DA:21,6
DA:22,6
DA:23,6
DA:24,6
DA:25,6
DA:26,6
DA:27,6
DA:28,6
DA:29,6
DA:30,6
DA:31,6
DA:32,6
DA:33,6
DA:34,6
DA:35,6
DA:36,6
DA:37,6
DA:38,6
DA:39,6
DA:40,6
DA:41,6
DA:42,6
DA:43,6
DA:44,6
DA:45,6
DA:46,6
DA:47,6
DA:48,6
DA:49,6
DA:50,6
DA:51,6
DA:52,6
DA:53,6
DA:54,6
DA:55,6
DA:56,6
DA:57,6
DA:58,6
DA:59,6
DA:60,6
DA:61,6
DA:62,6
DA:63,6
DA:64,6
DA:65,6
DA:66,6
DA:67,6
DA:68,6
DA:69,6
DA:70,6
DA:71,6
DA:72,6
DA:73,6
DA:74,6
DA:75,6
DA:76,6
DA:77,6
DA:78,6
DA:79,6
DA:80,6
DA:81,6
DA:82,6
DA:83,6
DA:84,6
DA:85,6
DA:86,6
DA:87,6
DA:88,6
DA:89,6
DA:90,6
LF:90
LH:90
BRDA:1,0,0,4
BRF:1
BRH:1
end_of_record
TN:
SF:src/DrusChip.js
FN:14,get styles
FN:18,get properties
FN:43,DrusChip
FN:52,get _iconSize
FN:56,_getIconTemplate
FN:60,_onCloseClick
FN:65,get _closeButtonTemplate
FN:77,render
FNF:8
FNH:8
FNDA:6,get styles
FNDA:6,get properties
FNDA:6,DrusChip
FNDA:3,get _iconSize
FNDA:3,_getIconTemplate
FNDA:1,_onCloseClick
FNDA:2,get _closeButtonTemplate
FNDA:6,render
DA:1,6
DA:2,6
DA:3,6
DA:4,6
DA:5,6
DA:6,6
DA:7,6
DA:8,6
DA:9,6
DA:10,6
DA:11,6
DA:12,6
DA:13,6
DA:14,6
DA:15,6
DA:16,6
DA:17,6
DA:18,6
DA:19,6
DA:20,6
DA:21,6
DA:22,6
DA:23,6
DA:24,6
DA:25,6
DA:26,6
DA:27,6
DA:28,6
DA:29,6
DA:30,6
DA:31,6
DA:32,6
DA:33,6
DA:34,6
DA:35,6
DA:36,6
DA:37,6
DA:38,6
DA:39,6
DA:40,6
DA:41,6
DA:42,6
DA:43,6
DA:44,6
DA:45,6
DA:46,6
DA:47,6
DA:48,6
DA:49,6
DA:50,6
DA:51,6
DA:52,6
DA:53,3
DA:54,3
DA:55,6
DA:56,6
DA:57,3
DA:58,3
DA:59,6
DA:60,6
DA:61,1
DA:62,1
DA:63,1
DA:64,6
DA:65,6
DA:66,2
DA:67,2
DA:68,2
DA:69,2
DA:70,2
DA:71,2
DA:72,2
DA:73,2
DA:74,6
DA:75,6
DA:76,6
DA:77,6
DA:78,6
DA:79,6
DA:80,6
DA:81,6
DA:82,6
DA:83,6
DA:84,6
DA:85,6
DA:86,6
DA:87,6
DA:88,6
DA:89,6
LF:89
LH:89
BRDA:1,0,0,15
BRDA:14,1,0,4
BRDA:18,2,0,4
BRDA:43,3,0,6
BRDA:65,4,0,4
BRDA:77,5,0,14
BRDA:80,6,0,2
BRDA:84,7,0,1
BRDA:86,8,0,4
BRDA:52,9,0,15
BRDA:56,10,0,15
BRDA:80,11,0,14
BRDA:86,12,0,14
BRDA:84,13,0,14
BRDA:60,14,0,15
BRF:15
BRH:15
end_of_record
